2025-10-24 01:56:10 ERROR:
Message: Tidak ada stage yang dikirim
POST: Array
(
    [id_lesson] => lesson_001
)

FILES: Array
(
)

--------------------------------------------------------------------------------
2025-10-26 06:22:56 ERROR:
Message: Tidak ada stage yang dikirim
POST: Array
(
    [id_lesson] => lesson_001
)

FILES: Array
(
)

--------------------------------------------------------------------------------
2025-10-26 06:22:59 ERROR:
Message: Tidak ada stage yang dikirim
POST: Array
(
    [id_lesson] => lesson_001
)

FILES: Array
(
)

--------------------------------------------------------------------------------
2025-10-26 06:23:03 ERROR:
Message: Tidak ada stage yang dikirim
POST: Array
(
    [id_lesson] => lesson_001
)

FILES: Array
(
)

--------------------------------------------------------------------------------
2025-10-26 06:28:47 ERROR:
Message: Tidak ada stage yang dikirim
POST: Array
(
    [id_lesson] => lesson_001
)

FILES: Array
(
)

--------------------------------------------------------------------------------
2025-10-26 06:28:53 ERROR:
Message: Tidak ada stage yang dikirim
POST: Array
(
    [id_lesson] => lesson_001
)

FILES: Array
(
)

--------------------------------------------------------------------------------
2025-10-26 06:28:57 ERROR:
Message: Tidak ada stage yang dikirim
POST: Array
(
    [id_lesson] => lesson_001
)

FILES: Array
(
)

--------------------------------------------------------------------------------
2025-10-26 07:10:44 ERROR:
Message: Tidak ada stage yang dikirim
POST: Array
(
    [id_lesson] => lesson_001
)

FILES: Array
(
)

--------------------------------------------------------------------------------
2025-10-26 08:31:10 ERROR:
Message: Tidak ada stage yang dikirim
POST: Array
(
    [id_lesson] => lesson_001
)

FILES: Array
(
)

--------------------------------------------------------------------------------
2025-10-26 08:34:32 ERROR:
Message: Tidak ada stage yang dikirim
POST: Array
(
    [id_lesson] => lesson_001
)

FILES: Array
(
)

--------------------------------------------------------------------------------
2025-10-26 08:37:20 RECONSTRUCT FAIL
POST KEYS: id_lesson
RECONSTRUCTED: Array
(
    [id_lesson] => lesson_001
)

--------------------------------------------------------------------------------
2025-10-26 08:37:20 ERROR:
Message: Tidak ada stage yang dikirim
POST: Array
(
    [id_lesson] => lesson_001
)

FILES: Array
(
)

--------------------------------------------------------------------------------
2025-10-26 08:37:26 RECONSTRUCT FAIL
POST KEYS: id_lesson
RECONSTRUCTED: Array
(
    [id_lesson] => lesson_001
)

--------------------------------------------------------------------------------
2025-10-26 08:37:26 ERROR:
Message: Tidak ada stage yang dikirim
POST: Array
(
    [id_lesson] => lesson_001
)

FILES: Array
(
)

--------------------------------------------------------------------------------
2025-10-26 08:41:58 RECONSTRUCT FAIL
POST KEYS: id_lesson, stages_json
RECONSTRUCTED: Array
(
    [id_lesson] => lesson_001
    [stages_json] => []
)

--------------------------------------------------------------------------------
2025-10-26 08:41:58 ERROR:
Message: Tidak ada stage yang dikirim
POST: Array
(
    [id_lesson] => lesson_001
    [stages_json] => []
)

FILES: Array
(
)

--------------------------------------------------------------------------------
2025-10-26 10:07:21 RECONSTRUCT FAIL
POST KEYS: id_lesson, stages_json
RECONSTRUCTED: Array
(
    [id_lesson] => lesson_001
    [stages_json] => []
)

--------------------------------------------------------------------------------
2025-10-26 10:07:21 ERROR:
Message: Tidak ada stage yang dikirim
POST: Array
(
    [id_lesson] => lesson_001
    [stages_json] => []
)

FILES: Array
(
)

--------------------------------------------------------------------------------
2025-10-26 10:07:33 RECONSTRUCT FAIL
POST KEYS: id_lesson, stages_json
RECONSTRUCTED: Array
(
    [id_lesson] => lesson_001
    [stages_json] => []
)

--------------------------------------------------------------------------------
2025-10-26 10:07:33 ERROR:
Message: Tidak ada stage yang dikirim
POST: Array
(
    [id_lesson] => lesson_001
    [stages_json] => []
)

FILES: Array
(
)

--------------------------------------------------------------------------------
2025-10-26 10:09:46 RECONSTRUCT FAIL
POST KEYS: id_lesson, stages_json
RECONSTRUCTED: Array
(
    [id_lesson] => lesson_001
    [stages_json] => []
)

--------------------------------------------------------------------------------
2025-10-26 10:09:46 ERROR:
Message: Tidak ada stage yang dikirim
POST: Array
(
    [id_lesson] => lesson_001
    [stages_json] => []
)

FILES: Array
(
)

--------------------------------------------------------------------------------
2025-10-26 10:17:37 RECONSTRUCT FAIL
POST KEYS: id_lesson, stages_json
RECONSTRUCTED: Array
(
    [id_lesson] => lesson_001
    [stages_json] => []
)

--------------------------------------------------------------------------------
2025-10-26 10:22:45 RECONSTRUCT FAIL
POST KEYS: id_lesson, stages_json
RECONSTRUCTED: Array
(
    [id_lesson] => lesson_001
    [stages_json] => []
)

--------------------------------------------------------------------------------
2025-10-30 11:23:39 ERROR:
Message: Cannot delete or update a parent row: a foreign key constraint fails (`mimo`.`stage`, CONSTRAINT `stage_ibfk_2` FOREIGN KEY (`id_materi`) REFERENCES `materi` (`id_materi`) ON DELETE RESTRICT ON UPDATE RESTRICT)
Line: 90
--------------------------------------------------------------------------------
2025-11-01 18:52:51 ERROR:
Message: Cannot add or update a child row: a foreign key constraint fails (`mimo`.`stage`, CONSTRAINT `stage_ibfk_3` FOREIGN KEY (`id_question`) REFERENCES `question` (`id_question`) ON DELETE RESTRICT ON UPDATE RESTRICT)
Line: 397
Trace: #0 C:\laragon\www\Semester_3\HIWEB\ajax\stage_generate_full.php(397): mysqli_stmt->execute()
#1 {main}
--------------------------------------------------------------------------------
2025-11-01 18:53:12 ERROR:
Message: Cannot add or update a child row: a foreign key constraint fails (`mimo`.`stage`, CONSTRAINT `stage_ibfk_3` FOREIGN KEY (`id_question`) REFERENCES `question` (`id_question`) ON DELETE RESTRICT ON UPDATE RESTRICT)
Line: 406
Trace: #0 C:\laragon\www\Semester_3\HIWEB\ajax\stage_generate_full.php(406): mysqli_stmt->execute()
#1 {main}
--------------------------------------------------------------------------------
2025-11-03 16:03:39 ERROR:
Message: Unknown column 'updated_at' in 'field list'
Line: 323
Trace: #0 C:\laragon\www\Semester_3\HIWEB\ajax\stage_generate_full.php(323): mysqli->prepare('UPDATE materi S...')
#1 C:\laragon\www\Semester_3\HIWEB\ajax\stage_generate_full.php(450): handleMateriOperations(Object(mysqli), Array, true, 'mt_98c816126a24', 'C:\\laragon\\www\\...')
#2 {main}
--------------------------------------------------------------------------------
2025-11-03 16:05:46 ERROR:
Message: Unknown column 'updated_at' in 'field list'
Line: 323
Trace: #0 C:\laragon\www\Semester_3\HIWEB\ajax\stage_generate_full.php(323): mysqli->prepare('UPDATE materi S...')
#1 C:\laragon\www\Semester_3\HIWEB\ajax\stage_generate_full.php(450): handleMateriOperations(Object(mysqli), Array, true, 'mt_98c816126a24', 'C:\\laragon\\www\\...')
#2 {main}
--------------------------------------------------------------------------------
2025-11-03 16:12:12 ERROR:
Message: Quiz harus memiliki minimal 1 jawaban benar!
Line: 195
Trace: #0 C:\laragon\www\Semester_3\HIWEB\ajax\stage_generate_full.php(459): handleQuizOperations(Object(mysqli), Array, 'st_fne7m3y', true, NULL)
#1 {main}
--------------------------------------------------------------------------------
2025-11-03 16:12:19 ERROR:
Message: Pertanyaan quiz tidak boleh kosong!
Line: 178
Trace: #0 C:\laragon\www\Semester_3\HIWEB\ajax\stage_generate_full.php(459): handleQuizOperations(Object(mysqli), Array, 'st_0q0oyg5', true, NULL)
#1 {main}
--------------------------------------------------------------------------------
2025-11-03 16:12:28 ERROR:
Message: Pertanyaan quiz tidak boleh kosong!
Line: 178
Trace: #0 C:\laragon\www\Semester_3\HIWEB\ajax\stage_generate_full.php(459): handleQuizOperations(Object(mysqli), Array, 'st_0q0oyg5', true, NULL)
#1 {main}
--------------------------------------------------------------------------------
2025-11-03 16:14:26 ERROR:
Message: Pertanyaan quiz tidak boleh kosong!
Line: 178
Trace: #0 C:\laragon\www\Semester_3\HIWEB\ajax\stage_generate_full.php(459): handleQuizOperations(Object(mysqli), Array, 'st_0q0oyg5', true, NULL)
#1 {main}
--------------------------------------------------------------------------------
2025-11-03 16:14:30 ERROR:
Message: Pertanyaan quiz tidak boleh kosong!
Line: 178
Trace: #0 C:\laragon\www\Semester_3\HIWEB\ajax\stage_generate_full.php(459): handleQuizOperations(Object(mysqli), Array, 'st_0q0oyg5', true, NULL)
#1 {main}
--------------------------------------------------------------------------------
2025-11-03 16:14:43 ERROR:
Message: Pertanyaan quiz tidak boleh kosong!
Line: 178
Trace: #0 C:\laragon\www\Semester_3\HIWEB\ajax\stage_generate_full.php(459): handleQuizOperations(Object(mysqli), Array, 'st_0q0oyg5', true, NULL)
#1 {main}
--------------------------------------------------------------------------------
